Arguments: 
  C:\Program Files\nodejs\node.exe C:\Users\darwin\AppData\Roaming\npm\node_modules\yarn\bin\yarn.js add ejs mongoose nodemon passport passport-google-oauth20 express

PATH: 
  C:\Python310\Scripts\;C:\Python310\;C:\Program Files (x86)\Intel\iCLS Client\;C:\Program Files\Intel\iCLS Client\;C:\WINDOWS\system32;C:\WINDOWS;C:\WINDOWS\System32\Wbem;C:\WINDOWS\System32\WindowsPowerShell\v1.0\;C:\Program Files (x86)\Intel\Intel(R) Management Engine Components\DAL;C:\Program Files\Intel\Intel(R) Management Engine Components\DAL;C:\Program Files (x86)\Intel\Intel(R) Management Engine Components\IPT;C:\Program Files\Intel\Intel(R) Management Engine Components\IPT;C:\WINDOWS\System32\OpenSSH\;C:\Program Files\Git\cmd;C:\ProgramData\chocolatey\bin;C:\Program Files\MongoDB\Server\5.0\bin;C:\Program Files\nodejs\;C:\Users\darwin\AppData\Local\Microsoft\WindowsApps;;C:\Users\darwin\AppData\Local\Programs\Microsoft VS Code\bin;C:\Program Files\heroku\bin;C:\Users\darwin\AppData\Roaming\npm

Yarn version: 
  1.22.17

Node version: 
  17.7.1

Platform: 
  win32 x64

Trace: 
  Error: connect EHOSTUNREACH 104.16.22.35:443
      at TCPConnectWrap.afterConnect [as oncomplete] (node:net:1187:16)

npm manifest: 
  {
    "name": "oauth",
    "version": "1.0.0",
    "description": "open authorization using google",
    "main": "server.js",
    "author": "joshua ojo",
    "license": "MIT"
  }

yarn manifest: 
  No manifest

Lockfile: 
  No lockfile
